  Using 'git status' to determine working set for adaptive non-unity build (D:\ue4code\UnrealEngine).
  Creating makefile for animationEditor (no existing makefile)
  Creating makefile for UnrealHeaderTool (no existing makefile)
  Parsing headers for animationEditor
    Running UnrealHeaderTool "D:\ue4Project\tencentClassProject\animation\animation.uproject" "D:\ue4Project\tencentClassProject\animation\Intermediate\Build\Win64\animationEditor\Development\animationEditor.uhtmanifest" -LogCmds="loginit warning, logexit warning, logdatabase error" -Unattended -WarningsAsErrors -abslog="D:\ue4code\UnrealEngine\Engine\Programs\UnrealBuildTool\Log_UHT.txt"
  LogInit: Display: Loading text-based GConfig....
  Reflection code generated for animationEditor in 20.2596575 seconds
  Creating makefile for ShaderCompileWorker (no existing makefile)
  Building animationEditor and ShaderCompileWorker...
  Using Visual Studio 2019 14.29.30136 toolchain (C:\Program Files (x86)\Microsoft Visual Studio\2019\Community\VC\Tools\MSVC\14.29.30133) and Windows 10.0.19041.0 SDK (C:\Program Files (x86)\Windows Kits\10).
  Building 9 actions with 6 processes...
    [1/9] animation.cpp
    [2/9] animation.init.gen.cpp
    [3/9] animationGameMode.gen.cpp
    [4/9] animationCharacter.gen.cpp
    [5/9] animationGameMode.cpp
    [6/9] animationCharacter.cpp
    [7/9] UE4Editor-animation-0001.lib
      正在创建库 D:\ue4Project\tencentClassProject\animation\Intermediate\Build\Win64\UE4Editor\Development\animation\UE4Editor-animation-0001.lib 和对象 D:\ue4Project\tencentClassProject\animation\Intermediate\Build\Win64\UE4Editor\Development\animation\UE4Editor-animation-0001.exp
    [8/9] UE4Editor-animation-0001.dll
      正在创建库 D:\ue4Project\tencentClassProject\animation\Intermediate\Build\Win64\UE4Editor\Development\animation\UE4Editor-animation-0001.suppressed.lib 和对象 D:\ue4Project\tencentClassProject\animation\Intermediate\Build\Win64\UE4Editor\Development\animation\UE4Editor-animation-0001.suppressed.exp
    [9/9] animationEditor.target
  Total time in Parallel executor: 7.98 seconds
  Total execution time: 52.63 seconds
